2024-09-30T02:31:32.789+09:00  INFO 36844 --- [catchTest] [restartedMain] c.ureca.myspring.CatchTestApplication    : Starting CatchTestApplication using Java 17.0.10 with PID 36844 (/Users/seunghee/eclipse-workspace/catchTest/bin/main started by seunghee in /Users/seunghee/eclipse-workspace/catchTest)
2024-09-30T02:31:32.790+09:00  INFO 36844 --- [catchTest] [restartedMain] c.ureca.myspring.CatchTestApplication    : No active profile set, falling back to 1 default profile: "default"
2024-09-30T02:31:32.958+09:00  INFO 36844 --- [catchTest] [restartedMain] .s.d.r.c.RepositoryConfigurationDelegate : Multiple Spring Data modules found, entering strict repository configuration mode
2024-09-30T02:31:32.959+09:00  INFO 36844 --- [catchTest] [restartedMain] .s.d.r.c.RepositoryConfigurationDelegate : Bootstrapping Spring Data JDBC repositories in DEFAULT mode.
2024-09-30T02:31:32.963+09:00  INFO 36844 --- [catchTest] [restartedMain] .RepositoryConfigurationExtensionSupport : Spring Data JDBC - Could not safely identify store assignment for repository candidate interface com.ureca.myspring.repository.CategoryDetailRepository; If you want this repository to be a JDBC repository, consider annotating your entities with one of these annotations: org.springframework.data.relational.core.mapping.Table.
2024-09-30T02:31:32.963+09:00  INFO 36844 --- [catchTest] [restartedMain] .RepositoryConfigurationExtensionSupport : Spring Data JDBC - Could not safely identify store assignment for repository candidate interface com.ureca.myspring.repository.CategoryRepository; If you want this repository to be a JDBC repository, consider annotating your entities with one of these annotations: org.springframework.data.relational.core.mapping.Table.
2024-09-30T02:31:32.964+09:00  INFO 36844 --- [catchTest] [restartedMain] .RepositoryConfigurationExtensionSupport : Spring Data JDBC - Could not safely identify store assignment for repository candidate interface com.ureca.myspring.repository.MemberRepository; If you want this repository to be a JDBC repository, consider annotating your entities with one of these annotations: org.springframework.data.relational.core.mapping.Table.
2024-09-30T02:31:32.965+09:00  INFO 36844 --- [catchTest] [restartedMain] .RepositoryConfigurationExtensionSupport : Spring Data JDBC - Could not safely identify store assignment for repository candidate interface com.ureca.myspring.repository.OrdersRepository; If you want this repository to be a JDBC repository, consider annotating your entities with one of these annotations: org.springframework.data.relational.core.mapping.Table.
2024-09-30T02:31:32.966+09:00  INFO 36844 --- [catchTest] [restartedMain] .RepositoryConfigurationExtensionSupport : Spring Data JDBC - Could not safely identify store assignment for repository candidate interface com.ureca.myspring.repository.ProductRepository; If you want this repository to be a JDBC repository, consider annotating your entities with one of these annotations: org.springframework.data.relational.core.mapping.Table.
2024-09-30T02:31:32.967+09:00  INFO 36844 --- [catchTest] [restartedMain] .RepositoryConfigurationExtensionSupport : Spring Data JDBC - Could not safely identify store assignment for repository candidate interface com.ureca.myspring.repository.QuestionRepository; If you want this repository to be a JDBC repository, consider annotating your entities with one of these annotations: org.springframework.data.relational.core.mapping.Table.
2024-09-30T02:31:32.968+09:00  INFO 36844 --- [catchTest] [restartedMain] .RepositoryConfigurationExtensionSupport : Spring Data JDBC - Could not safely identify store assignment for repository candidate interface com.ureca.myspring.repository.RegionRepository; If you want this repository to be a JDBC repository, consider annotating your entities with one of these annotations: org.springframework.data.relational.core.mapping.Table.
2024-09-30T02:31:32.968+09:00  INFO 36844 --- [catchTest] [restartedMain] .RepositoryConfigurationExtensionSupport : Spring Data JDBC - Could not safely identify store assignment for repository candidate interface com.ureca.myspring.repository.StoreListRepository; If you want this repository to be a JDBC repository, consider annotating your entities with one of these annotations: org.springframework.data.relational.core.mapping.Table.
2024-09-30T02:31:32.969+09:00  INFO 36844 --- [catchTest] [restartedMain] .RepositoryConfigurationExtensionSupport : Spring Data JDBC - Could not safely identify store assignment for repository candidate interface com.ureca.myspring.repository.StoreRepository; If you want this repository to be a JDBC repository, consider annotating your entities with one of these annotations: org.springframework.data.relational.core.mapping.Table.
2024-09-30T02:31:32.969+09:00  INFO 36844 --- [catchTest] [restartedMain] .s.d.r.c.RepositoryConfigurationDelegate : Finished Spring Data repository scanning in 10 ms. Found 0 JDBC repository interfaces.
2024-09-30T02:31:32.973+09:00  INFO 36844 --- [catchTest] [restartedMain] .s.d.r.c.RepositoryConfigurationDelegate : Multiple Spring Data modules found, entering strict repository configuration mode
2024-09-30T02:31:32.974+09:00  INFO 36844 --- [catchTest] [restartedMain] .s.d.r.c.RepositoryConfigurationDelegate : Bootstrapping Spring Data JPA repositories in DEFAULT mode.
2024-09-30T02:31:32.981+09:00  INFO 36844 --- [catchTest] [restartedMain] .s.d.r.c.RepositoryConfigurationDelegate : Finished Spring Data repository scanning in 7 ms. Found 9 JPA repository interfaces.
2024-09-30T02:31:33.092+09:00  INFO 36844 --- [catchTest] [restartedMain] o.s.b.w.embedded.tomcat.TomcatWebServer  : Tomcat initialized with port 8080 (http)
2024-09-30T02:31:33.093+09:00  INFO 36844 --- [catchTest] [restartedMain] o.apache.catalina.core.StandardService   : Starting service [Tomcat]
2024-09-30T02:31:33.093+09:00  INFO 36844 --- [catchTest] [restartedMain] o.apache.catalina.core.StandardEngine    : Starting Servlet engine: [Apache Tomcat/10.1.30]
2024-09-30T02:31:33.104+09:00  INFO 36844 --- [catchTest] [restartedMain] o.a.c.c.C.[Tomcat-21].[localhost].[/]    : Initializing Spring embedded WebApplicationContext
2024-09-30T02:31:33.104+09:00  INFO 36844 --- [catchTest] [restartedMain] w.s.c.ServletWebServerApplicationContext : Root WebApplicationContext: initialization completed in 313 ms
2024-09-30T02:31:33.145+09:00  INFO 36844 --- [catchTest] [restartedMain] o.hibernate.jpa.internal.util.LogHelper  : HHH000204: Processing PersistenceUnitInfo [name: default]
2024-09-30T02:31:33.146+09:00  INFO 36844 --- [catchTest] [restartedMain] o.h.c.internal.RegionFactoryInitiator    : HHH000026: Second-level cache disabled
2024-09-30T02:31:33.152+09:00  INFO 36844 --- [catchTest] [restartedMain] o.s.o.j.p.SpringPersistenceUnitInfo      : No LoadTimeWeaver setup: ignoring JPA class transformer
2024-09-30T02:31:33.152+09:00  INFO 36844 --- [catchTest] [restartedMain] com.zaxxer.hikari.HikariDataSource       : HikariPool-91 - Starting...
2024-09-30T02:31:33.156+09:00  INFO 36844 --- [catchTest] [restartedMain] com.zaxxer.hikari.pool.HikariPool        : HikariPool-91 - Added connection com.mysql.cj.jdbc.ConnectionImpl@15e61742
2024-09-30T02:31:33.156+09:00  INFO 36844 --- [catchTest] [restartedMain] com.zaxxer.hikari.HikariDataSource       : HikariPool-91 - Start completed.
2024-09-30T02:31:33.247+09:00  INFO 36844 --- [catchTest] [restartedMain] o.h.e.t.j.p.i.JtaPlatformInitiator       : HHH000489: No JTA platform available (set 'hibernate.transaction.jta.platform' to enable JTA platform integration)
2024-09-30T02:31:33.274+09:00  INFO 36844 --- [catchTest] [restartedMain] j.LocalContainerEntityManagerFactoryBean : Initialized JPA EntityManagerFactory for persistence unit 'default'
2024-09-30T02:31:33.431+09:00  WARN 36844 --- [catchTest] [restartedMain] JpaBaseConfiguration$JpaWebConfiguration : spring.jpa.open-in-view is enabled by default. Therefore, database queries may be performed during view rendering. Explicitly configure spring.jpa.open-in-view to disable this warning
2024-09-30T02:31:33.593+09:00  INFO 36844 --- [catchTest] [restartedMain] o.s.b.d.a.OptionalLiveReloadServer       : LiveReload server is running on port 35729
2024-09-30T02:31:33.610+09:00  INFO 36844 --- [catchTest] [restartedMain] o.s.b.w.embedded.tomcat.TomcatWebServer  : Tomcat started on port 8080 (http) with context path '/'
2024-09-30T02:31:33.616+09:00  INFO 36844 --- [catchTest] [restartedMain] c.ureca.myspring.CatchTestApplication    : Started CatchTestApplication in 0.878 seconds (process running for 43286.4)
2024-09-30T02:31:33.617+09:00  INFO 36844 --- [catchTest] [restartedMain] .ConditionEvaluationDeltaLoggingListener : Condition evaluation unchanged
2024-09-30T02:31:35.009+09:00  INFO 36844 --- [catchTest] [File Watcher] rtingClassPathChangeChangedEventListener : Restarting due to 1 class path change (0 additions, 0 deletions, 1 modification)
2024-09-30T02:31:35.028+09:00  INFO 36844 --- [catchTest] [Thread-342] j.LocalContainerEntityManagerFactoryBean : Closing JPA EntityManagerFactory for persistence unit 'default'
2024-09-30T02:31:35.029+09:00  INFO 36844 --- [catchTest] [Thread-342] com.zaxxer.hikari.HikariDataSource       : HikariPool-91 - Shutdown initiated...
2024-09-30T02:31:35.037+09:00  INFO 36844 --- [catchTest] [Thread-342] com.zaxxer.hikari.HikariDataSource       : HikariPool-91 - Shutdown completed.
2024-09-30T02:31:35.358+09:00  INFO 36844 --- [catchTest] [restartedMain] c.ureca.myspring.CatchTestApplication    : Starting CatchTestApplication using Java 17.0.10 with PID 36844 (/Users/seunghee/eclipse-workspace/catchTest/bin/main started by seunghee in /Users/seunghee/eclipse-workspace/catchTest)
2024-09-30T02:31:35.360+09:00  INFO 36844 --- [catchTest] [restartedMain] c.ureca.myspring.CatchTestApplication    : No active profile set, falling back to 1 default profile: "default"
2024-09-30T02:31:35.563+09:00  INFO 36844 --- [catchTest] [restartedMain] .s.d.r.c.RepositoryConfigurationDelegate : Multiple Spring Data modules found, entering strict repository configuration mode
2024-09-30T02:31:35.564+09:00  INFO 36844 --- [catchTest] [restartedMain] .s.d.r.c.RepositoryConfigurationDelegate : Bootstrapping Spring Data JDBC repositories in DEFAULT mode.
2024-09-30T02:31:35.571+09:00  INFO 36844 --- [catchTest] [restartedMain] .RepositoryConfigurationExtensionSupport : Spring Data JDBC - Could not safely identify store assignment for repository candidate interface com.ureca.myspring.repository.CategoryDetailRepository; If you want this repository to be a JDBC repository, consider annotating your entities with one of these annotations: org.springframework.data.relational.core.mapping.Table.
2024-09-30T02:31:35.573+09:00  INFO 36844 --- [catchTest] [restartedMain] .RepositoryConfigurationExtensionSupport : Spring Data JDBC - Could not safely identify store assignment for repository candidate interface com.ureca.myspring.repository.CategoryRepository; If you want this repository to be a JDBC repository, consider annotating your entities with one of these annotations: org.springframework.data.relational.core.mapping.Table.
2024-09-30T02:31:35.574+09:00  INFO 36844 --- [catchTest] [restartedMain] .RepositoryConfigurationExtensionSupport : Spring Data JDBC - Could not safely identify store assignment for repository candidate interface com.ureca.myspring.repository.MemberRepository; If you want this repository to be a JDBC repository, consider annotating your entities with one of these annotations: org.springframework.data.relational.core.mapping.Table.
2024-09-30T02:31:35.575+09:00  INFO 36844 --- [catchTest] [restartedMain] .RepositoryConfigurationExtensionSupport : Spring Data JDBC - Could not safely identify store assignment for repository candidate interface com.ureca.myspring.repository.OrdersRepository; If you want this repository to be a JDBC repository, consider annotating your entities with one of these annotations: org.springframework.data.relational.core.mapping.Table.
2024-09-30T02:31:35.576+09:00  INFO 36844 --- [catchTest] [restartedMain] .RepositoryConfigurationExtensionSupport : Spring Data JDBC - Could not safely identify store assignment for repository candidate interface com.ureca.myspring.repository.ProductRepository; If you want this repository to be a JDBC repository, consider annotating your entities with one of these annotations: org.springframework.data.relational.core.mapping.Table.
2024-09-30T02:31:35.577+09:00  INFO 36844 --- [catchTest] [restartedMain] .RepositoryConfigurationExtensionSupport : Spring Data JDBC - Could not safely identify store assignment for repository candidate interface com.ureca.myspring.repository.QuestionRepository; If you want this repository to be a JDBC repository, consider annotating your entities with one of these annotations: org.springframework.data.relational.core.mapping.Table.
2024-09-30T02:31:35.578+09:00  INFO 36844 --- [catchTest] [restartedMain] .RepositoryConfigurationExtensionSupport : Spring Data JDBC - Could not safely identify store assignment for repository candidate interface com.ureca.myspring.repository.RegionRepository; If you want this repository to be a JDBC repository, consider annotating your entities with one of these annotations: org.springframework.data.relational.core.mapping.Table.
2024-09-30T02:31:35.579+09:00  INFO 36844 --- [catchTest] [restartedMain] .RepositoryConfigurationExtensionSupport : Spring Data JDBC - Could not safely identify store assignment for repository candidate interface com.ureca.myspring.repository.StoreListRepository; If you want this repository to be a JDBC repository, consider annotating your entities with one of these annotations: org.springframework.data.relational.core.mapping.Table.
2024-09-30T02:31:35.579+09:00  INFO 36844 --- [catchTest] [restartedMain] .RepositoryConfigurationExtensionSupport : Spring Data JDBC - Could not safely identify store assignment for repository candidate interface com.ureca.myspring.repository.StoreRepository; If you want this repository to be a JDBC repository, consider annotating your entities with one of these annotations: org.springframework.data.relational.core.mapping.Table.
2024-09-30T02:31:35.582+09:00  INFO 36844 --- [catchTest] [restartedMain] .s.d.r.c.RepositoryConfigurationDelegate : Finished Spring Data repository scanning in 18 ms. Found 0 JDBC repository interfaces.
2024-09-30T02:31:35.594+09:00  INFO 36844 --- [catchTest] [restartedMain] .s.d.r.c.RepositoryConfigurationDelegate : Multiple Spring Data modules found, entering strict repository configuration mode
2024-09-30T02:31:35.594+09:00  INFO 36844 --- [catchTest] [restartedMain] .s.d.r.c.RepositoryConfigurationDelegate : Bootstrapping Spring Data JPA repositories in DEFAULT mode.
2024-09-30T02:31:35.613+09:00  INFO 36844 --- [catchTest] [restartedMain] .s.d.r.c.RepositoryConfigurationDelegate : Finished Spring Data repository scanning in 18 ms. Found 9 JPA repository interfaces.
2024-09-30T02:31:35.797+09:00  INFO 36844 --- [catchTest] [restartedMain] o.s.b.w.embedded.tomcat.TomcatWebServer  : Tomcat initialized with port 8080 (http)
2024-09-30T02:31:35.800+09:00  INFO 36844 --- [catchTest] [restartedMain] o.apache.catalina.core.StandardService   : Starting service [Tomcat]
2024-09-30T02:31:35.800+09:00  INFO 36844 --- [catchTest] [restartedMain] o.apache.catalina.core.StandardEngine    : Starting Servlet engine: [Apache Tomcat/10.1.30]
2024-09-30T02:31:35.837+09:00  INFO 36844 --- [catchTest] [restartedMain] o.a.c.c.C.[Tomcat-21].[localhost].[/]    : Initializing Spring embedded WebApplicationContext
2024-09-30T02:31:35.837+09:00  INFO 36844 --- [catchTest] [restartedMain] w.s.c.ServletWebServerApplicationContext : Root WebApplicationContext: initialization completed in 475 ms
2024-09-30T02:31:36.003+09:00  INFO 36844 --- [catchTest] [restartedMain] o.hibernate.jpa.internal.util.LogHelper  : HHH000204: Processing PersistenceUnitInfo [name: default]
2024-09-30T02:31:36.005+09:00  INFO 36844 --- [catchTest] [restartedMain] o.h.c.internal.RegionFactoryInitiator    : HHH000026: Second-level cache disabled
2024-09-30T02:31:36.012+09:00  INFO 36844 --- [catchTest] [restartedMain] o.s.o.j.p.SpringPersistenceUnitInfo      : No LoadTimeWeaver setup: ignoring JPA class transformer
2024-09-30T02:31:36.013+09:00  INFO 36844 --- [catchTest] [restartedMain] com.zaxxer.hikari.HikariDataSource       : HikariPool-92 - Starting...
2024-09-30T02:31:36.017+09:00  INFO 36844 --- [catchTest] [restartedMain] com.zaxxer.hikari.pool.HikariPool        : HikariPool-92 - Added connection com.mysql.cj.jdbc.ConnectionImpl@7acfebbf
2024-09-30T02:31:36.020+09:00  INFO 36844 --- [catchTest] [restartedMain] com.zaxxer.hikari.HikariDataSource       : HikariPool-92 - Start completed.
2024-09-30T02:31:36.208+09:00  INFO 36844 --- [catchTest] [restartedMain] o.h.e.t.j.p.i.JtaPlatformInitiator       : HHH000489: No JTA platform available (set 'hibernate.transaction.jta.platform' to enable JTA platform integration)
2024-09-30T02:31:36.241+09:00  INFO 36844 --- [catchTest] [restartedMain] j.LocalContainerEntityManagerFactoryBean : Initialized JPA EntityManagerFactory for persistence unit 'default'
2024-09-30T02:31:36.472+09:00  WARN 36844 --- [catchTest] [restartedMain] JpaBaseConfiguration$JpaWebConfiguration : spring.jpa.open-in-view is enabled by default. Therefore, database queries may be performed during view rendering. Explicitly configure spring.jpa.open-in-view to disable this warning
2024-09-30T02:31:36.711+09:00  INFO 36844 --- [catchTest] [restartedMain] o.s.b.d.a.OptionalLiveReloadServer       : LiveReload server is running on port 35729
2024-09-30T02:31:36.730+09:00  INFO 36844 --- [catchTest] [restartedMain] o.s.b.w.embedded.tomcat.TomcatWebServer  : Tomcat started on port 8080 (http) with context path '/'
2024-09-30T02:31:36.738+09:00  INFO 36844 --- [catchTest] [restartedMain] c.ureca.myspring.CatchTestApplication    : Started CatchTestApplication in 1.421 seconds (process running for 43289.521)
2024-09-30T02:31:36.741+09:00  INFO 36844 --- [catchTest] [restartedMain] .ConditionEvaluationDeltaLoggingListener : Condition evaluation unchanged
2024-09-30T02:31:49.307+09:00  INFO 36844 --- [catchTest] [http-nio-8080-exec-1] o.a.c.c.C.[Tomcat-21].[localhost].[/]    : Initializing Spring DispatcherServlet 'dispatcherServlet'
2024-09-30T02:31:49.308+09:00  INFO 36844 --- [catchTest] [http-nio-8080-exec-1] o.s.web.servlet.DispatcherServlet        : Initializing Servlet 'dispatcherServlet'
2024-09-30T02:31:49.310+09:00  INFO 36844 --- [catchTest] [http-nio-8080-exec-1] o.s.web.servlet.DispatcherServlet        : Completed initialization in 2 ms
2024-09-30T02:31:49.323+09:00  INFO 36844 --- [catchTest] [http-nio-8080-exec-1] c.u.m.controller.MemberController        : Updating member: MemberDTO(id=31, memberid=null, name=null, password=111, phone=111, birth=null, gender=null, region=null, role=null, profileImage=null)
2024-09-30T02:32:23.942+09:00  INFO 36844 --- [catchTest] [File Watcher] rtingClassPathChangeChangedEventListener : Restarting due to 1 class path change (0 additions, 0 deletions, 1 modification)
2024-09-30T02:32:23.951+09:00  INFO 36844 --- [catchTest] [Thread-346] j.LocalContainerEntityManagerFactoryBean : Closing JPA EntityManagerFactory for persistence unit 'default'
2024-09-30T02:32:23.952+09:00  INFO 36844 --- [catchTest] [Thread-346] com.zaxxer.hikari.HikariDataSource       : HikariPool-92 - Shutdown initiated...
2024-09-30T02:32:23.953+09:00  INFO 36844 --- [catchTest] [Thread-346] com.zaxxer.hikari.HikariDataSource       : HikariPool-92 - Shutdown completed.
